<?xml version="1.0" encoding="UTF-8"?>
<testsuite xmlns:xsi="http://www.w3.org/2001/XMLSchema-instance" xsi:noNamespaceSchemaLocation="https://maven.apache.org/surefire/maven-surefire-plugin/xsd/surefire-test-report.xsd" name="Amazon_Tests" time="3.302" tests="2" errors="2" skipped="0" failures="0">
  <properties>
[...]
</properties>
  <testcase name="Purchase a TV from the Amazon application" classname="Amazon_Tests" time="1.171">
    <error message="Unable to create a new remote session. Please check the server log for more details. Original error: An unknown server-side error occurred while processing the command. Original error: Could not find &apos;adb&apos; in PATH. Please set the ANDROID_HOME or ANDROID_SDK_ROOT environment variables to the correct Android SDK root directory path.&#10;Build info: version: &apos;3.141.59&apos;, revision: &apos;e82be7d358&apos;, time: &apos;2018-11-14T08:17:03&apos;&#10;System info: host: &apos;asthayvas-FVFX703QHV2G&apos;, ip: &apos;fe80:0:0:0:c50:ccb:f6b3:2125%en0&apos;, os.name: &apos;Mac OS X&apos;, os.arch: &apos;x86_64&apos;, os.version: &apos;10.15.3&apos;, java.version: &apos;1.8.0_242&apos;&#10;Driver info: driver.version: AndroidDriver&#10;remote stacktrace: UnknownError: An unknown server-side error occurred while processing the command. Original error: Could not find &apos;adb&apos; in PATH. Please set the ANDROID_HOME or ANDROID_SDK_ROOT environment variables to the correct Android SDK root directory path.&#10;    at getResponseForW3CError (/Users/asthayvas/.nvm/versions/node/v12.16.0/lib/node_modules/appium/node_modules/appium-base-driver/lib/protocol/errors.js:804:9)&#10;    at asyncHandler (/Users/asthayvas/.nvm/versions/node/v12.16.0/lib/node_modules/appium/node_modules/appium-base-driver/lib/protocol/protocol.js:392:37)&#10;Build info: version: &apos;3.141.59&apos;, revision: &apos;e82be7d358&apos;, time: &apos;2018-11-14T08:17:03&apos;&#10;System info: host: &apos;asthayvas-FVFX703QHV2G&apos;, ip: &apos;fe80:0:0:0:c50:ccb:f6b3:2125%en0&apos;, os.name: &apos;Mac OS X&apos;, os.arch: &apos;x86_64&apos;, os.version: &apos;10.15.3&apos;, java.version: &apos;1.8.0_242&apos;&#10;Driver info: driver.version: AndroidDriver" type="org.openqa.selenium.SessionNotCreatedException">org.openqa.selenium.SessionNotCreatedException: 
Unable to create a new remote session. Please check the server log for more details. Original error: An unknown server-side error occurred while processing the command. Original error: Could not find 'adb' in PATH. Please set the ANDROID_HOME or ANDROID_SDK_ROOT environment variables to the correct Android SDK root directory path.
Build info: version: '3.141.59', revision: 'e82be7d358', time: '2018-11-14T08:17:03'
System info: host: 'asthayvas-FVFX703QHV2G', ip: 'fe80:0:0:0:c50:ccb:f6b3:2125%en0', os.name: 'Mac OS X', os.arch: 'x86_64', os.version: '10.15.3', java.version: '1.8.0_242'
Driver info: driver.version: AndroidDriver
remote stacktrace: UnknownError: An unknown server-side error occurred while processing the command. Original error: Could not find 'adb' in PATH. Please set the ANDROID_HOME or ANDROID_SDK_ROOT environment variables to the correct Android SDK root directory path.
    at getResponseForW3CError (/Users/asthayvas/.nvm/versions/node/v12.16.0/lib/node_modules/appium/node_modules/appium-base-driver/lib/protocol/errors.js:804:9)
    at asyncHandler (/Users/asthayvas/.nvm/versions/node/v12.16.0/lib/node_modules/appium/node_modules/appium-base-driver/lib/protocol/protocol.js:392:37)
Build info: version: '3.141.59', revision: 'e82be7d358', time: '2018-11-14T08:17:03'
System info: host: 'asthayvas-FVFX703QHV2G', ip: 'fe80:0:0:0:c50:ccb:f6b3:2125%en0', os.name: 'Mac OS X', os.arch: 'x86_64', os.version: '10.15.3', java.version: '1.8.0_242'
Driver info: driver.version: AndroidDriver
Caused by: java.lang.reflect.InvocationTargetException
Caused by: org.openqa.selenium.WebDriverException: 
An unknown server-side error occurred while processing the command. Original error: Could not find 'adb' in PATH. Please set the ANDROID_HOME or ANDROID_SDK_ROOT environment variables to the correct Android SDK root directory path.
Build info: version: '3.141.59', revision: 'e82be7d358', time: '2018-11-14T08:17:03'
System info: host: 'asthayvas-FVFX703QHV2G', ip: 'fe80:0:0:0:c50:ccb:f6b3:2125%en0', os.name: 'Mac OS X', os.arch: 'x86_64', os.version: '10.15.3', java.version: '1.8.0_242'
Driver info: driver.version: AndroidDriver
remote stacktrace: UnknownError: An unknown server-side error occurred while processing the command. Original error: Could not find 'adb' in PATH. Please set the ANDROID_HOME or ANDROID_SDK_ROOT environment variables to the correct Android SDK root directory path.
    at getResponseForW3CError (/Users/asthayvas/.nvm/versions/node/v12.16.0/lib/node_modules/appium/node_modules/appium-base-driver/lib/protocol/errors.js:804:9)
    at asyncHandler (/Users/asthayvas/.nvm/versions/node/v12.16.0/lib/node_modules/appium/node_modules/appium-base-driver/lib/protocol/protocol.js:392:37)
</error>
    <system-out><![CDATA[&amp#27;[35m[Appium]&amp#27;[39m Welcome to Appium v1.17.0
&amp#27;[35m[Appium]&amp#27;[39m Non-default server args:
&amp#27;[35m[Appium]&amp#27;[39m   port: 38814
&amp#27;[35m[Appium]&amp#27;[39m Appium REST http interface listener started on 0.0.0.0:38814
&amp#27;[35m[HTTP]&amp#27;[39m &amp#27;[37m-->&amp#27;[39m &amp#27;[37mGET&amp#27;[39m &amp#27;[37m/wd/hub/status&amp#27;[39m
&amp#27;[35m[HTTP]&amp#27;[39m &amp#27;[90m{}&amp#27;[39m
[debug] &amp#27;[35m[GENERIC]&amp#27;[39m Calling AppiumDriver.getStatus() with args: []
[debug] &amp#27;[35m[GENERIC]&amp#27;[39m Responding to client with driver.getStatus() result: {"build":{"version":"1.17.0"}}
&amp#27;[35m[HTTP]&amp#27;[39m &amp#27;[37m<-- GET /wd/hub/status &amp#27;[39m&amp#27;[32m200&amp#27;[39m &amp#27;[90m17 ms - 68&amp#27;[39m
&amp#27;[35m[HTTP]&amp#27;[39m &amp#27;[90m&amp#27;[39m
&amp#27;[35m[HTTP]&amp#27;[39m &amp#27;[37m-->&amp#27;[39m &amp#27;[37mGET&amp#27;[39m &amp#27;[37m/wd/hub/status&amp#27;[39m
&amp#27;[35m[HTTP]&amp#27;[39m &amp#27;[90m{}&amp#27;[39m
[debug] &amp#27;[35m[GENERIC]&amp#27;[39m Calling AppiumDriver.getStatus() with args: []
[debug] &amp#27;[35m[GENERIC]&amp#27;[39m Responding to client with driver.getStatus() result: {"build":{"version":"1.17.0"}}
&amp#27;[35m[HTTP]&amp#27;[39m &amp#27;[37m<-- GET /wd/hub/status &amp#27;[39m&amp#27;[32m200&amp#27;[39m &amp#27;[90m7 ms - 68&amp#27;[39m
&amp#27;[35m[HTTP]&amp#27;[39m &amp#27;[90m&amp#27;[39m
&amp#27;[35m[HTTP]&amp#27;[39m &amp#27;[37m-->&amp#27;[39m &amp#27;[37mPOST&amp#27;[39m &amp#27;[37m/wd/hub/session&amp#27;[39m
&amp#27;[35m[HTTP]&amp#27;[39m &amp#27;[90m{"desiredCapabilities":{"app":"/Users/asthayvas/eclipse-workspace/EcommerceTests/app/Amazon_shopping.apk","appActivity":"com.amazon.mShop.splashscreen.StartupActivity","appPackage":"com.amazon.mShop.android.shopping","orientation":"PORTRAIT","platformVersion":"9.0","platformName":"Android","deviceName":"e99d0731"},"capabilities":{"firstMatch":[{"appium:app":"/Users/asthayvas/eclipse-workspace/EcommerceTests/app/Amazon_shopping.apk","appium:appActivity":"com.amazon.mShop.splashscreen.StartupActivity","appium:appPackage":"com.amazon.mShop.android.shopping","appium:deviceName":"e99d0731","appium:orientation":"PORTRAIT","platformName":"android","appium:platformVersion":"9.0"}]}}&amp#27;[39m
[debug] &amp#27;[35m[W3C]&amp#27;[39m Calling AppiumDriver.createSession() with args: [{"app":"/Users/asthayvas/eclipse-workspace/EcommerceTests/app/Amazon_shopping.apk","appActivity":"com.amazon.mShop.splashscreen.StartupActivity","appPackage":"com.amazon.mShop.android.shopping","orientation":"PORTRAIT","platformVersion":"9.0","platformName":"Android","deviceName":"e99d0731"},null,{"firstMatch":[{"appium:app":"/Users/asthayvas/eclipse-workspace/EcommerceTests/app/Amazon_shopping.apk","appium:appActivity":"com.amazon.mShop.splashscreen.StartupActivity","appium:appPackage":"com.amazon.mShop.android.shopping","appium:deviceName":"e99d0731","appium:orientation":"PORTRAIT","platformName":"android","appium:platformVersion":"9.0"}]}]
[debug] &amp#27;[35m[BaseDriver]&amp#27;[39m Event 'newSessionRequested' logged at 1585976335953 (15:58:55 GMT+1100 (Australian Eastern Daylight Time))
&amp#27;[35m[Appium]&amp#27;[39m 
&amp#27;[35m[Appium]&amp#27;[39m ======================================================================
&amp#27;[35m[Appium]&amp#27;[39m   DEPRECATION WARNING:
&amp#27;[35m[Appium]&amp#27;[39m 
&amp#27;[35m[Appium]&amp#27;[39m   The 'automationName' capability was not provided in the desired 
&amp#27;[35m[Appium]&amp#27;[39m   capabilities for this Android session
&amp#27;[35m[Appium]&amp#27;[39m 
&amp#27;[35m[Appium]&amp#27;[39m   Setting 'automationName=UiAutomator2' by default and using the 
&amp#27;[35m[Appium]&amp#27;[39m   UiAutomator2 Driver
&amp#27;[35m[Appium]&amp#27;[39m 
&amp#27;[35m[Appium]&amp#27;[39m   The next major version of Appium (2.x) will **require** the 
&amp#27;[35m[Appium]&amp#27;[39m   'automationName' capability to be set for all sessions on all 
&amp#27;[35m[Appium]&amp#27;[39m   platforms
&amp#27;[35m[Appium]&amp#27;[39m 
&amp#27;[35m[Appium]&amp#27;[39m   In previous versions (Appium <= 1.13.x), the default was 
&amp#27;[35m[Appium]&amp#27;[39m   'automationName=UiAutomator1'
&amp#27;[35m[Appium]&amp#27;[39m 
&amp#27;[35m[Appium]&amp#27;[39m   If you wish to use that automation instead of UiAutomator2, please 
&amp#27;[35m[Appium]&amp#27;[39m   add 'automationName=UiAutomator1' to your desired capabilities
&amp#27;[35m[Appium]&amp#27;[39m 
&amp#27;[35m[Appium]&amp#27;[39m   For more information about drivers, please visit 
&amp#27;[35m[Appium]&amp#27;[39m   http://appium.io/docs/en/about-appium/intro/ and explore the 
&amp#27;[35m[Appium]&amp#27;[39m   'Drivers' menu
&amp#27;[35m[Appium]&amp#27;[39m 
&amp#27;[35m[Appium]&amp#27;[39m ======================================================================
&amp#27;[35m[Appium]&amp#27;[39m 
&amp#27;[35m[Appium]&amp#27;[39m Appium v1.17.0 creating new AndroidUiautomator2Driver (v1.44.2) session
[debug] &amp#27;[35m[BaseDriver]&amp#27;[39m W3C capabilities and MJSONWP desired capabilities were provided
[debug] &amp#27;[35m[BaseDriver]&amp#27;[39m Creating session with W3C capabilities: {
[debug] &amp#27;[35m[BaseDriver]&amp#27;[39m   "alwaysMatch": {
[debug] &amp#27;[35m[BaseDriver]&amp#27;[39m     "platformName": "android",
[debug] &amp#27;[35m[BaseDriver]&amp#27;[39m     "appium:app": "/Users/asthayvas/eclipse-workspace/EcommerceTests/app/Amazon_shopping.apk",
[debug] &amp#27;[35m[BaseDriver]&amp#27;[39m     "appium:appActivity": "com.amazon.mShop.splashscreen.StartupActivity",
[debug] &amp#27;[35m[BaseDriver]&amp#27;[39m     "appium:appPackage": "com.amazon.mShop.android.shopping",
[debug] &amp#27;[35m[BaseDriver]&amp#27;[39m     "appium:deviceName": "e99d0731",
[debug] &amp#27;[35m[BaseDriver]&amp#27;[39m     "appium:orientation": "PORTRAIT",
[debug] &amp#27;[35m[BaseDriver]&amp#27;[39m     "appium:platformVersion": "9.0"
[debug] &amp#27;[35m[BaseDriver]&amp#27;[39m   },
[debug] &amp#27;[35m[BaseDriver]&amp#27;[39m   "firstMatch": [
[debug] &amp#27;[35m[BaseDriver]&amp#27;[39m     {}
[debug] &amp#27;[35m[BaseDriver]&amp#27;[39m   ]
[debug] &amp#27;[35m[BaseDriver]&amp#27;[39m }
&amp#27;[35m[BaseDriver]&amp#27;[39m Session created with session id: 6ad0c475-24a3-4ef4-b577-974f07979fde
&amp#27;[35m[BaseDriver]&amp#27;[39m Using local app '/Users/asthayvas/eclipse-workspace/EcommerceTests/app/Amazon_shopping.apk'
[debug] &amp#27;[35m[UiAutomator2]&amp#27;[39m Checking whether app is actually present
&amp#27;[35m[ADB]&amp#27;[39m The ANDROID_HOME environment variable is not set to the Android SDK root directory path. ANDROID_HOME is required for compatibility with SDK 23+. Checking along PATH for adb.
[debug] &amp#27;[35m[UiAutomator2]&amp#27;[39m Deleting UiAutomator2 session
[debug] &amp#27;[35m[BaseDriver]&amp#27;[39m Event 'newSessionStarted' logged at 1585976336475 (15:58:56 GMT+1100 (Australian Eastern Daylight Time))
[debug] &amp#27;[35m[W3C]&amp#27;[39m Encountered internal error running command: Error: Could not find 'adb' in PATH. Please set the ANDROID_HOME or ANDROID_SDK_ROOT environment variables to the correct Android SDK root directory path.
[debug] &amp#27;[35m[W3C]&amp#27;[39m     at ADB.getBinaryFromPath (/Users/asthayvas/.nvm/versions/node/v12.16.0/lib/node_modules/appium/node_modules/appium-adb/lib/tools/system-calls.js:140:11)
[debug] &amp#27;[35m[W3C]&amp#27;[39m Destroying socket connection
&amp#27;[35m[HTTP]&amp#27;[39m &amp#27;[37m<-- POST /wd/hub/session &amp#27;[39m&amp#27;[31m500&amp#27;[39m &amp#27;[90m619 ms - 859&amp#27;[39m
&amp#27;[35m[HTTP]&amp#27;[39m &amp#27;[90m&amp#27;[39m
]]></system-out>
    <system-err><![CDATA[Apr 04, 2020 3:58:52 PM io.cucumber.junit.Cucumber <init>
WARNING: By default Cucumber is running in --non-strict mode.
This default will change to --strict and --non-strict will be removed.
You can use --strict or @CucumberOptions(strict = true) to suppress this warning
SLF4J: Failed to load class "org.slf4j.impl.StaticLoggerBinder".
SLF4J: Defaulting to no-operation (NOP) logger implementation
SLF4J: See http://www.slf4j.org/codes.html#StaticLoggerBinder for further details.
]]></system-err>
  </testcase>
  <testcase name="Purchase a TV from the Amazon application" classname="Amazon_Tests" time="1.171">
    <error type="java.lang.NullPointerException">java.lang.NullPointerException
</error>
  </testcase>
</testsuite>